c:\users\celsuss\documents\visual studio 2013\projects\invasionzx2\invasionzx2\debug\vc120.pdb
c:\users\celsuss\documents\visual studio 2013\projects\invasionzx2\invasionzx2\debug\vc120.idb
c:\users\celsuss\documents\visual studio 2013\projects\invasionzx2\invasionzx2\debug\floor.obj
c:\users\celsuss\documents\visual studio 2013\projects\invasionzx2\invasionzx2\debug\game.obj
c:\users\celsuss\documents\visual studio 2013\projects\invasionzx2\invasionzx2\debug\gameobject.obj
c:\users\celsuss\documents\visual studio 2013\projects\invasionzx2\invasionzx2\debug\graphicmanager.obj
c:\users\celsuss\documents\visual studio 2013\projects\invasionzx2\invasionzx2\debug\gun.obj
c:\users\celsuss\documents\visual studio 2013\projects\invasionzx2\invasionzx2\debug\inputmanager.obj
c:\users\celsuss\documents\visual studio 2013\projects\invasionzx2\invasionzx2\debug\isplayerdata.obj
c:\users\celsuss\documents\visual studio 2013\projects\invasionzx2\invasionzx2\debug\level.obj
c:\users\celsuss\documents\visual studio 2013\projects\invasionzx2\invasionzx2\debug\main.obj
c:\users\celsuss\documents\visual studio 2013\projects\invasionzx2\invasionzx2\debug\movecomponent.obj
c:\users\celsuss\documents\visual studio 2013\projects\invasionzx2\invasionzx2\debug\movementdata.obj
c:\users\celsuss\documents\visual studio 2013\projects\invasionzx2\invasionzx2\debug\player.obj
c:\users\celsuss\documents\visual studio 2013\projects\invasionzx2\invasionzx2\debug\positiondata.obj
c:\users\celsuss\documents\visual studio 2013\projects\invasionzx2\invasionzx2\debug\rotatetomousecomponent.obj
c:\users\celsuss\documents\visual studio 2013\projects\invasionzx2\invasionzx2\debug\shootcomponent.obj
c:\users\celsuss\documents\visual studio 2013\projects\invasionzx2\invasionzx2\debug\spritedata.obj
c:\users\celsuss\documents\visual studio 2013\projects\invasionzx2\invasionzx2\debug\timemanager.obj
c:\users\celsuss\documents\visual studio 2013\projects\invasionzx2\invasionzx2\debug\wall.obj
c:\users\celsuss\documents\visual studio 2013\projects\invasionzx2\invasionzx2\debug\weapon.obj
c:\users\celsuss\documents\visual studio 2013\projects\invasionzx2\invasionzx2\debug\weapondata.obj
c:\users\celsuss\documents\visual studio 2013\projects\invasionzx2\invasionzx2\debug\ammodata.obj
c:\users\celsuss\documents\visual studio 2013\projects\invasionzx2\invasionzx2\debug\bullet.obj
c:\users\celsuss\documents\visual studio 2013\projects\invasionzx2\invasionzx2\debug\component.obj
c:\users\celsuss\documents\visual studio 2013\projects\invasionzx2\invasionzx2\debug\data.obj
c:\users\celsuss\documents\visual studio 2013\projects\invasionzx2\invasionzx2\debug\entity.obj
c:\users\celsuss\documents\visual studio 2013\projects\invasionzx2\invasionzx2\debug\entityfactory.obj
c:\users\celsuss\documents\visual studio 2013\projects\invasionzx2\invasionzx2\debug\key.obj
c:\users\celsuss\documents\visual studio 2013\projects\invasionzx2\invasionzx2\debug\keyboardkey.obj
c:\users\celsuss\documents\visual studio 2013\projects\invasionzx2\invasionzx2\debug\mousekey.obj
c:\users\celsuss\documents\visual studio 2013\projects\invasionzx2\debug\invasionzx2.ilk
c:\users\celsuss\documents\visual studio 2013\projects\invasionzx2\debug\invasionzx2.exe
c:\users\celsuss\documents\visual studio 2013\projects\invasionzx2\debug\invasionzx2.pdb
c:\users\celsuss\documents\visual studio 2013\projects\invasionzx2\invasionzx2\debug\invasionzx2.tlog\cl.command.1.tlog
c:\users\celsuss\documents\visual studio 2013\projects\invasionzx2\invasionzx2\debug\invasionzx2.tlog\cl.read.1.tlog
c:\users\celsuss\documents\visual studio 2013\projects\invasionzx2\invasionzx2\debug\invasionzx2.tlog\cl.write.1.tlog
c:\users\celsuss\documents\visual studio 2013\projects\invasionzx2\invasionzx2\debug\invasionzx2.tlog\link.command.1.tlog
c:\users\celsuss\documents\visual studio 2013\projects\invasionzx2\invasionzx2\debug\invasionzx2.tlog\link.read.1.tlog
c:\users\celsuss\documents\visual studio 2013\projects\invasionzx2\invasionzx2\debug\invasionzx2.tlog\link.write.1.tlog
