Build started 4/24/2014 2:36:30 PM.
     1>Project "C:\Users\Celsuss\documents\visual studio 2013\Projects\InvasionZx2\InvasionZx2\InvasionZx2.vcxproj" on node 2 (Build target(s)).
     1>ClCompile:
         C:\Program Files (x86)\Microsoft Visual Studio 12.0\VC\bin\CL.exe /c /I"C:\Users\Celsuss\Documents\Visual Studio 2013\Projects\InvasionZx2\InvasionZx2\SFML-2.1\include" /Zi /nologo /W3 /WX- /O2 /Oi /Oy- /GL /D WIN32 /D NDEBUG /D _CONSOLE /D _LIB /D _UNICODE /D UNICODE /Gm- /EHsc /MD /GS /Gy /fp:precise /Zc:wchar_t /Zc:forScope /Fo"Release\\" /Fd"Release\vc120.pdb" /Gd /TP /analyze- /errorReport:prompt SpriteData.cpp
         SpriteData.cpp
       Link:
         C:\Program Files (x86)\Microsoft Visual Studio 12.0\VC\bin\link.exe /ERRORREPORT:PROMPT /OUT:"C:\Users\Celsuss\documents\visual studio 2013\Projects\InvasionZx2\Release\InvasionZx2.exe" /INCREMENTAL:NO /NOLOGO /LIBPATH:"C:\Users\Celsuss\Documents\Visual Studio 2013\Projects\InvasionZx2\InvasionZx2\SFML-2.1\lib" "sfml-graphics.lib" "sfml-window.lib" "sfml-system.lib" "sfml-audio.lib" kernel32.lib user32.lib gdi32.lib winspool.lib comdlg32.lib advapi32.lib shell32.lib ole32.lib oleaut32.lib uuid.lib odbc32.lib odbccp32.lib /MANIFEST /MANIFESTUAC:"level='asInvoker' uiAccess='false'" /manifest:embed /DEBUG /PDB:"C:\Users\Celsuss\documents\visual studio 2013\Projects\InvasionZx2\Release\InvasionZx2.pdb" /SUBSYSTEM:CONSOLE /OPT:REF /OPT:ICF /LTCG /TLBID:1 /DYNAMICBASE /NXCOMPAT /IMPLIB:"C:\Users\Celsuss\documents\visual studio 2013\Projects\InvasionZx2\Release\InvasionZx2.lib" /MACHINE:X86 /SAFESEH Release\Component.obj
         Release\Data.obj
         Release\Entity.obj
         Release\Game.obj
         Release\GameObject.obj
         Release\GraphicManager.obj
         Release\InputManager.obj
         Release\Level.obj
         Release\Main.obj
         Release\Player.obj
         Release\PositionData.obj
         Release\SpriteData.obj
         Generating code
         Finished generating code
         InvasionZx2.vcxproj -> C:\Users\Celsuss\documents\visual studio 2013\Projects\InvasionZx2\Release\InvasionZx2.exe
     1>Done Building Project "C:\Users\Celsuss\documents\visual studio 2013\Projects\InvasionZx2\InvasionZx2\InvasionZx2.vcxproj" (Build target(s)).

Build succeeded.

Time Elapsed 00:00:01.03
